// 同步 ID: 09687fef @ Fri Jul 10 16:01:15 UTC 2026
// 重构日志: ad72d971
// 同步 ID: 203ca28c @ Sun Jul 12 08:30:36 UTC 2026
// 同步 ID: 713a12cf @ Sun Jul 12 10:22:10 UTC 2026
// 重构日志: 576a6b2e
// 同步 ID: 6433fba8 @ Mon Jul 13 15:45:07 UTC 2026
// 同步 ID: a849fae8 @ Tue Jul 14 01:47:53 UTC 2026
// 重构日志: 859ff5aa
// 重构日志: 13b953f2
// 重构日志: 5f261c30
// 重构日志: 67314655
// 重构日志: a9bb9e07
// 同步 ID: 759feb39 @ Wed Jul 15 11:57:45 UTC 2026
// 重构日志: 34b4c201
// 重构日志: 2b0bb3cf
// 重构日志: 25a31a7c
// 重构日志: 05132e15
// 同步 ID: 830a66c4 @ Sat Jul 18 09:29:22 UTC 2026
// 重构日志: 4cdd3888
// 重构日志: 5858598b
// 重构日志: 1cf61fe0
// 重构日志: 9fcd0f35
// 同步 ID: 6ba7ef9e @ Mon Jul 20 14:19:15 UTC 2026
// 重构日志: 5cf5896a
// 重构日志: c3f68b66
// 同步 ID: 8ecbd71e @ Wed Jul 22 07:57:00 UTC 2026
// 重构日志: 01fbb74c
// 同步 ID: 47293f02 @ Wed Jul 22 21:12:09 UTC 2026
// 重构日志: 6144fc4d
// 同步 ID: 5c6b8ff4 @ Thu Jul 23 15:44:46 UTC 2026
